<?xml version="1.0" ?>
<coverage version="6.4.4" timestamp="1661596597705" lines-valid="41" lines-covered="26" line-rate="0.6341" branches-valid="16" branches-covered="11" branch-rate="0.6875" complexity="0">
	<!-- Generated by coverage.py: https://coverage.readthedocs.io -->
	<!-- Based on https://raw.githubusercontent.com/cobertura/web/master/htdocs/xml/coverage-04.dtd -->
	<sources>
		<source>/Users/sraduhin/projects/python/hexlet/python-project-lvl2/gendiff</source>
	</sources>
	<packages>
		<package name="." line-rate="0.8966" branch-rate="0.7857" complexity="0">
			<classes>
				<class name="__init__.py" filename="__init__.py" complexity="0" line-rate="1" branch-rate="1">
					<methods/>
					<lines>
						<line number="1" hits="1"/>
						<line number="3" hits="1"/>
					</lines>
				</class>
				<class name="comparer.py" filename="comparer.py" complexity="0" line-rate="0.8889" branch-rate="0.7857">
					<methods/>
					<lines>
						<line number="1" hits="1"/>
						<line number="2" hits="1"/>
						<line number="5" hits="1"/>
						<line number="6" hits="1"/>
						<line number="7" hits="1" branch="true" condition-coverage="50% (1/2)" missing-branches="10"/>
						<line number="8" hits="1"/>
						<line number="10" hits="0"/>
						<line number="11" hits="1"/>
						<line number="12" hits="1" branch="true" condition-coverage="50% (1/2)" missing-branches="15"/>
						<line number="13" hits="1"/>
						<line number="15" hits="0"/>
						<line number="16" hits="1"/>
						<line number="17" hits="1"/>
						<line number="18" hits="1"/>
						<line number="19" hits="1" branch="true" condition-coverage="100% (2/2)"/>
						<line number="20" hits="1" branch="true" condition-coverage="100% (2/2)"/>
						<line number="21" hits="1"/>
						<line number="22" hits="1" branch="true" condition-coverage="100% (2/2)"/>
						<line number="23" hits="1"/>
						<line number="24" hits="1"/>
						<line number="25" hits="1" branch="true" condition-coverage="100% (2/2)"/>
						<line number="26" hits="1"/>
						<line number="28" hits="1"/>
						<line number="29" hits="1"/>
						<line number="30" hits="1"/>
						<line number="33" hits="1" branch="true" condition-coverage="50% (1/2)" missing-branches="34"/>
						<line number="34" hits="0"/>
					</lines>
				</class>
			</classes>
		</package>
		<package name="scripts" line-rate="0" branch-rate="0" complexity="0">
			<classes>
				<class name="__init__.py" filename="scripts/__init__.py" complexity="0" line-rate="1" branch-rate="1">
					<methods/>
					<lines/>
				</class>
				<class name="gendiff.py" filename="scripts/gendiff.py" complexity="0" line-rate="0" branch-rate="0">
					<methods/>
					<lines>
						<line number="2" hits="0"/>
						<line number="4" hits="0"/>
						<line number="7" hits="0"/>
						<line number="8" hits="0"/>
						<line number="10" hits="0"/>
						<line number="11" hits="0"/>
						<line number="12" hits="0"/>
						<line number="14" hits="0"/>
						<line number="16" hits="0"/>
						<line number="17" hits="0"/>
						<line number="20" hits="0" branch="true" condition-coverage="0% (0/2)" missing-branches="exit,21"/>
						<line number="21" hits="0"/>
					</lines>
				</class>
			</classes>
		</package>
	</packages>
</coverage>
